C51 COMPILER V9.59.0.0   SHOW                                                              05/26/2019 16:56:24 PAGE 1   


C51 COMPILER V9.59.0.0, COMPILATION OF MODULE SHOW
OBJECT MODULE PLACED IN .\Objects\show.obj
COMPILER INVOKED BY: C:\Programs\C51\C51\BIN\C51.EXE show.c OPTIMIZE(8,SPEED) BROWSE DEBUG OBJECTEXTEND PRINT(.\Listings
                    -\show.lst) OBJECT(.\Objects\show.obj)

line level    source

   1          # include <reg51.h>
   2          # define uchar unsigned char
   3          # define uint  unsigned int
   4                  
   5          uchar code table[] = {0xc0, 0xf9, 0xa4, 0xb0, 0x99, 0x92, 0x82, 0xf8, 0x80, 0x90};
   6          uchar m = 0;
   7          
   8          void delay(uchar ms)
   9          {
  10   1              uchar i , j;
  11   1              for (; ms > 0; ms--)
  12   1                      for (i = 142; i > 0; i--)
  13   1                              for (j = 2; j > 0; j--);
  14   1      }
  15          
  16          
  17          void INT_0() interrupt 0
  18          {
  19   1              EX0 = 0;
  20   1              delay(20);
  21   1              EX0 = 1;
  22   1              if (m == 9) m = 0;
  23   1              else m++;
  24   1              P1 = table[m];
  25   1      }
  26          
  27          void INT_1() interrupt 2
  28          {
  29   1              EX1 = 0;
  30   1              delay(20);
  31   1              EX1 = 1;
  32   1              if (m == 0) m = 9;
  33   1              else m--;
  34   1              P1 = table[m];
  35   1      }
  36          
  37          
  38          void main()
  39          {
  40   1              P1 = 0x00;
  41   1              EA = 1;
  42   1              EX0 = 1;
  43   1              IT0 = 1;
  44   1              EX1 = 1;
  45   1              IT1 = 1;
  46   1              
  47   1              while (1){P1 = table[0];}
  48   1      }


MODULE INFORMATION:   STATIC OVERLAYABLE
   CODE SIZE        =    187    ----
   CONSTANT SIZE    =     10    ----
   XDATA SIZE       =   ----    ----
C51 COMPILER V9.59.0.0   SHOW                                                              05/26/2019 16:56:24 PAGE 2   

   PDATA SIZE       =   ----    ----
   DATA SIZE        =      1    ----
   IDATA SIZE       =   ----    ----
   BIT SIZE         =   ----    ----
END OF MODULE INFORMATION.


C51 COMPILATION COMPLETE.  0 WARNING(S),  0 ERROR(S)
