C51 COMPILER V9.59.0.0   SHOWVOLTAGE                                                       06/01/2019 18:37:28 PAGE 1   


C51 COMPILER V9.59.0.0, COMPILATION OF MODULE SHOWVOLTAGE
OBJECT MODULE PLACED IN .\Objects\ShowVoltage.obj
COMPILER INVOKED BY: C:\Programs\C51\C51\BIN\C51.EXE ShowVoltage.c OPTIMIZE(8,SPEED) BROWSE DEBUG OBJECTEXTEND PRINT(.\L
                    -istings\ShowVoltage.lst) OBJECT(.\Objects\ShowVoltage.obj)

line level    source

   1          # include <reg51.h>
   2          # define uint  unsigned int;
   3          # define uchar unsigned char;
   4          
   5          uchar code table[] = {0xfc, 0x60, 0xda, 0xf2, 0x66, 0xb6, 0xbe, 0xe0, 0xfe, 0xf6, 0xee, 0x3e, 0x9c, 0x7a, 
             -0x9e, 0x8e};
   6          
   7          sbit START = P3^0;
   8          sbit EOC = P3^1;
   9          sbit OE = P3^2;
  10          sbit dot = P1^0;
  11          
  12          void delay(unsigned int m)
  13          {
  14   1              while (m --);
  15   1      }
  16          
  17          void main()
  18          {
  19   1              unsigned int temp = 0;
  20   1              START = 0;
  21   1              OE = 0;
  22   1              START = 1;
  23   1              START = 0;
  24   1              while (1) {
  25   2                      if (EOC == 1) {
  26   3                              OE = 1;
  27   3                              temp = P0;
  28   3                              temp = temp * 1.0/255 * 500;
  29   3                              OE = 0;
  30   3                              P2 = 0xfe;
  31   3                              P1 = table[temp % 10];
  32   3                              delay(500);
  33   3                              P2 = 0xfd;
  34   3                              P1 = table[temp/10 % 10];
  35   3                              delay(500);
  36   3                              P2 = 0xfb;
  37   3                              P1 = table[temp/100 % 10];
  38   3                              dot = 1;
  39   3                              delay(500);
  40   3                              START = 1;
  41   3                              START = 0;
  42   3                      }
  43   2              }
  44   1      }


MODULE INFORMATION:   STATIC OVERLAYABLE
   CODE SIZE        =    189    ----
   CONSTANT SIZE    =     32    ----
   XDATA SIZE       =   ----    ----
   PDATA SIZE       =   ----    ----
   DATA SIZE        =   ----    ----
   IDATA SIZE       =   ----    ----
C51 COMPILER V9.59.0.0   SHOWVOLTAGE                                                       06/01/2019 18:37:28 PAGE 2   

   BIT SIZE         =   ----    ----
END OF MODULE INFORMATION.


C51 COMPILATION COMPLETE.  0 WARNING(S),  0 ERROR(S)
